Build started 04/06/2016 5:16:00 PM.
     1>Project "C:\Users\Yonatan\documents\visual studio 2013\Projects\BabyMonitor\BabyMonitor\BabyMonitor.vcxproj" on node 2 (Build target(s)).
     1>ClCompile:
         C:\Program Files (x86)\Microsoft Visual Studio 12.0\VC\bin\x86_amd64\CL.exe /c /IC:\opencv2410\opencv\build\include\opencv2 /IC:\opencv2410\opencv\build\include\opencv /IC:\opencv2410\opencv\build\include /AI"C:\Program Files (x86)\Reference Assemblies\Microsoft\Framework\.NETFramework\v4.0" /AI"C:\Program Files (x86)\Windows Kits\8.1\References\CommonConfiguration\Neutral" /Zi /clr /nologo /W3 /WX- /sdl /Od /D WIN32 /D _DEBUG /D _CONSOLE /D _LIB /D _UNICODE /D UNICODE /EHa /MDd /GS /fp:precise /Zc:wchar_t /Zc:forScope /Fo"x64\Debug\\" /Fd"x64\Debug\vc120.pdb" /TP /FU"C:\Program Files (x86)\Reference Assemblies\Microsoft\Framework\.NETFramework\v4.0\mscorlib.dll" /errorReport:prompt /clr:nostdlib Face.cpp
         Face.cpp
     1>Face.cpp(17): warning C4244: 'initializing' : conversion from 'double' to 'int', possible loss of data
     1>Face.cpp(50): warning C4244: 'argument' : conversion from 'double' to 'int', possible loss of data
     1>Face.cpp(51): warning C4244: 'argument' : conversion from 'double' to 'int', possible loss of data
     1>Face.cpp(77): warning C4244: 'argument' : conversion from 'int64' to 'const double', possible loss of data
     1>Face.cpp(88): warning C4244: 'argument' : conversion from 'double' to 'int', possible loss of data
     1>Face.cpp(127): warning C4244: 'initializing' : conversion from 'double' to 'int', possible loss of data
     1>Face.cpp(128): warning C4244: 'initializing' : conversion from 'double' to 'int', possible loss of data
     1>Face.cpp(187): warning C4244: 'argument' : conversion from 'double' to 'int', possible loss of data
     1>c:\users\yonatan\documents\visual studio 2013\projects\babymonitor\babymonitor\OpenCVExtension.h(30): warning C4267: 'initializing' : conversion from 'size_t' to 'int', possible loss of data
                 Face.cpp(88) : see reference to function template instantiation 'void cv::detrend<double>(cv::InputArray,cv::OutputArray,int)' being compiled
       Link:
         C:\Program Files (x86)\Microsoft Visual Studio 12.0\VC\bin\x86_amd64\link.exe /ERRORREPORT:PROMPT /OUT:"C:\Users\Yonatan\documents\visual studio 2013\Projects\BabyMonitor\x64\Debug\BabyMonitor.exe" /INCREMENTAL /NOLOGO /LIBPATH:C:\opencv2410\opencv\build\x64\vc12\lib opencv_calib3d2410d.lib opencv_contrib2410d.lib opencv_core2410d.lib opencv_features2d2410d.lib opencv_flann2410d.lib opencv_gpu2410d.lib opencv_highgui2410d.lib opencv_imgproc2410d.lib opencv_legacy2410d.lib opencv_ml2410d.lib opencv_nonfree2410d.lib opencv_objdetect2410d.lib opencv_ocl2410d.lib opencv_photo2410d.lib opencv_stitching2410d.lib opencv_superres2410d.lib opencv_ts2410d.lib opencv_video2410d.lib opencv_videostab2410d.lib kernel32.lib user32.lib gdi32.lib winspool.lib comdlg32.lib advapi32.lib shell32.lib ole32.lib oleaut32.lib uuid.lib odbc32.lib odbccp32.lib /MANIFEST /MANIFESTUAC:"level='asInvoker' uiAccess='false'" /manifest:embed /DEBUG /PDB:"C:\Users\Yonatan\documents\visual studio 2013\Projects\BabyMonitor\x64\Debug\BabyMonitor.pdb" /ASSEMBLYDEBUG /SUBSYSTEM:CONSOLE /TLBID:1 /DYNAMICBASE /FIXED:NO /NXCOMPAT /MACHINE:X64 x64\Debug\EulerianMagnification.obj
         x64\Debug\Face.obj
         x64\Debug\FrameHandler.obj
         x64\Debug\main.obj
         x64\Debug\OpenCVExtension.obj
         "x64\Debug\.NETFramework,Version=v4.0.AssemblyAttributes.obj"
     1>opencv_ts2410d.lib(ts_gtest.obj) : warning LNK4099: PDB 'opencv_ts2410d.pdb' was not found with 'opencv_ts2410d.lib(ts_gtest.obj)' or at 'C:\Users\Yonatan\documents\visual studio 2013\Projects\BabyMonitor\x64\Debug\opencv_ts2410d.pdb'; linking object as if no debug info
     1>opencv_ts2410d.lib(ts_perf.obj) : warning LNK4099: PDB 'opencv_ts2410d.pdb' was not found with 'opencv_ts2410d.lib(ts_perf.obj)' or at 'C:\Users\Yonatan\documents\visual studio 2013\Projects\BabyMonitor\x64\Debug\opencv_ts2410d.pdb'; linking object as if no debug info
     1>opencv_ts2410d.lib(opencv_ts_pch.obj) : warning LNK4099: PDB 'opencv_ts2410d.pdb' was not found with 'opencv_ts2410d.lib(opencv_ts_pch.obj)' or at 'C:\Users\Yonatan\documents\visual studio 2013\Projects\BabyMonitor\x64\Debug\opencv_ts2410d.pdb'; linking object as if no debug info
         BabyMonitor.vcxproj -> C:\Users\Yonatan\documents\visual studio 2013\Projects\BabyMonitor\x64\Debug\BabyMonitor.exe
     1>Done Building Project "C:\Users\Yonatan\documents\visual studio 2013\Projects\BabyMonitor\BabyMonitor\BabyMonitor.vcxproj" (Build target(s)).

Build succeeded.

Time Elapsed 00:00:04.69
