c:\users\yonatan\documents\visual studio 2013\projects\babymonitor\babymonitor\x64\debug\vc120.pdb
c:\users\yonatan\documents\visual studio 2013\projects\babymonitor\babymonitor\x64\debug\vc120.idb
c:\users\yonatan\documents\visual studio 2013\projects\babymonitor\babymonitor\x64\debug\eulerianmagnification.obj
c:\users\yonatan\documents\visual studio 2013\projects\babymonitor\babymonitor\x64\debug\face.obj
c:\users\yonatan\documents\visual studio 2013\projects\babymonitor\babymonitor\x64\debug\framehandler.obj
c:\users\yonatan\documents\visual studio 2013\projects\babymonitor\babymonitor\x64\debug\main.obj
c:\users\yonatan\documents\visual studio 2013\projects\babymonitor\babymonitor\x64\debug\opencv.obj
c:\users\yonatan\documents\visual studio 2013\projects\babymonitor\babymonitor\x64\debug\peaks.obj
c:\users\yonatan\documents\visual studio 2013\projects\babymonitor\babymonitor\x64\debug\.netframework,version=v4.0.assemblyattributes.obj
c:\users\yonatan\documents\visual studio 2013\projects\babymonitor\x64\debug\babymonitor.exe
c:\users\yonatan\documents\visual studio 2013\projects\babymonitor\x64\debug\babymonitor.pdb
c:\users\yonatan\documents\visual studio 2013\projects\babymonitor\babymonitor\x64\debug\babymonitor.vcxprojresolveassemblyreference.cache
c:\users\yonatan\documents\visual studio 2013\projects\babymonitor\babymonitor\x64\debug\babymonitor.tlog\cl.command.1.tlog
c:\users\yonatan\documents\visual studio 2013\projects\babymonitor\babymonitor\x64\debug\babymonitor.tlog\cl.read.1.tlog
c:\users\yonatan\documents\visual studio 2013\projects\babymonitor\babymonitor\x64\debug\babymonitor.tlog\cl.write.1.tlog
c:\users\yonatan\documents\visual studio 2013\projects\babymonitor\babymonitor\x64\debug\babymonitor.tlog\link.command.1.tlog
c:\users\yonatan\documents\visual studio 2013\projects\babymonitor\babymonitor\x64\debug\babymonitor.tlog\link.read.1.tlog
c:\users\yonatan\documents\visual studio 2013\projects\babymonitor\babymonitor\x64\debug\babymonitor.tlog\link.write.1.tlog
c:\users\yonatan\documents\visual studio 2013\projects\babymonitor\babymonitor\x64\debug\babymonitor.tlog\metagen.read.1.tlog
c:\users\yonatan\documents\visual studio 2013\projects\babymonitor\babymonitor\x64\debug\babymonitor.tlog\metagen.write.1.tlog
c:\users\yonatan\documents\visual studio 2013\projects\babymonitor\babymonitor\x64\debug\babymonitor.tlog\tzres.dll.bi
